<?xml version="1.0" encoding="UTF-8"?>
<!-- Generated by org.testng.reporters.JUnitReportReporter -->
<testsuite skipped="0" hostname="LAPTOP-CQCP7E8G" name="Tests.SearchTest" tests="4" failures="0" timestamp="28 Jan 2021 23:44:08 GMT" time="8.996" errors="0">
  <testcase name="searchItem" time="2.821" classname="Tests.SearchTest"/>
  <testcase name="clickFirstSeachResult" time="3.745" classname="Tests.SearchTest"/>
  <testcase name="addItemToCart" time="1.354" classname="Tests.SearchTest"/>
  <testcase name="proceedToCheckout" time="1.076" classname="Tests.SearchTest"/>
</testsuite> <!-- Tests.SearchTest -->
