<?xml version="1.0" encoding="UTF-8"?>
<!-- Generated by org.testng.reporters.JUnitReportReporter -->
<testsuite skipped="0" hostname="LAPTOP-CQCP7E8G" name="Search.SearchTest" tests="1" failures="0" timestamp="27 Jan 2021 23:37:56 GMT" time="7.625" errors="0">
  <testcase name="searchText" time="7.625" classname="Search.SearchTest"/>
</testsuite> <!-- Search.SearchTest -->
