<?xml version="1.0" encoding="UTF-8"?>
<!-- Generated by org.testng.reporters.JUnitReportReporter -->
<testsuite skipped="0" hostname="LAPTOP-CQCP7E8G" name="Tests.DeleteEmploeeTest" tests="1" failures="0" timestamp="28 Jan 2021 23:14:44 GMT" time="1.725" errors="0">
  <testcase name="deleteEmployeeDetailTest" time="1.725" classname="Tests.DeleteEmploeeTest"/>
</testsuite> <!-- Tests.DeleteEmploeeTest -->
